<?xml version="1.0" encoding="UTF-8"?>
<!-- Generated by org.testng.reporters.JUnitReportReporter -->
<testsuite hostname="sys" name="com.orangehrm.testsuite.AddEmployee" tests="2" failures="0" timestamp="3 Dec 2015 13:53:28 GMT" time="145.936" errors="0">
  <testcase name="addEmployeeTest" time="72.974" classname="com.orangehrm.testsuite.AddEmployee"/>
  <testcase name="addEmployeeTest" time="72.962" classname="com.orangehrm.testsuite.AddEmployee"/>
</testsuite> <!-- com.orangehrm.testsuite.AddEmployee -->
