<?xml version="1.0" encoding="UTF-8"?>
<!-- Generated by org.testng.reporters.JUnitReportReporter -->
<testsuite hostname="sys" name="com.orangehrm.testsuite.Login" tests="2" failures="0" timestamp="3 Dec 2015 13:53:28 GMT" time="63.639" errors="0">
  <testcase name="loginTest" time="22.278" classname="com.orangehrm.testsuite.Login"/>
  <testcase name="loginTest" time="41.361" classname="com.orangehrm.testsuite.Login"/>
</testsuite> <!-- com.orangehrm.testsuite.Login -->
