<?xml version="1.0" encoding="UTF-8"?>
<!-- Generated by org.testng.reporters.JUnitReportReporter -->
<testsuite hostname="sys" name="day11.CheckBoxes2" tests="1" failures="0" timestamp="28 Oct 2015 14:13:59 GMT" time="59.107" errors="0">
  <testcase name="checkBoxesTest" time="59.107" classname="day11.CheckBoxes2"/>
</testsuite> <!-- day11.CheckBoxes2 -->
