<?xml version="1.0" encoding="UTF-8"?>
<!-- Generated by org.testng.reporters.JUnitReportReporter -->
<testsuite hostname="sys" name="day13.ExplicitWait_Webdriverwait" tests="1" failures="0" timestamp="30 Oct 2015 14:08:50 GMT" time="26.056" errors="0">
  <testcase name="webdriverwaitTest" time="26.056" classname="day13.ExplicitWait_Webdriverwait"/>
</testsuite> <!-- day13.ExplicitWait_Webdriverwait -->
