<?xml version="1.0" encoding="UTF-8"?>
<!-- Generated by org.testng.reporters.JUnitReportReporter -->
<testsuite hostname="sys" name="day11.XpathCreation" tests="1" failures="0" timestamp="28 Oct 2015 14:53:42 GMT" time="31.217" errors="0">
  <testcase name="xpathTest" time="31.217" classname="day11.XpathCreation"/>
</testsuite> <!-- day11.XpathCreation -->
