<?xml version="1.0" encoding="UTF-8"?>
<!-- Generated by org.testng.reporters.JUnitReportReporter -->
<testsuite hostname="sys" name="day16.RightClick" tests="1" failures="0" timestamp="4 Nov 2015 14:19:50 GMT" time="25.436" errors="0">
  <testcase name="rightClickTest" time="25.436" classname="day16.RightClick"/>
</testsuite> <!-- day16.RightClick -->
