<?xml version="1.0" encoding="UTF-8"?>
<!-- Generated by org.testng.reporters.JUnitReportReporter -->
<testsuite hostname="sys" name="day22.LoginonNewTours" tests="1" failures="0" timestamp="26 Nov 2015 14:44:07 GMT" time="3.427" errors="0">
  <testcase name="loginTest" time="3.427" classname="day22.LoginonNewTours"/>
</testsuite> <!-- day22.LoginonNewTours -->
