<?xml version="1.0" encoding="UTF-8"?>
<!-- Generated by org.testng.reporters.JUnitReportReporter -->
<testsuite hostname="sys" name="day13.ImplicitWait" tests="1" failures="0" timestamp="30 Oct 2015 13:49:10 GMT" time="36.022" errors="0">
  <testcase name="implicitwaitTest" time="36.022" classname="day13.ImplicitWait"/>
</testsuite> <!-- day13.ImplicitWait -->
