<?xml version="1.0" encoding="UTF-8"?>
<!-- Generated by org.testng.reporters.JUnitReportReporter -->
<testsuite hostname="sys" name="day28.Testcase1" tests="1" failures="0" timestamp="25 Nov 2015 14:19:49 GMT" time="17.415" errors="0">
  <testcase name="test" time="17.415" classname="day28.Testcase1"/>
</testsuite> <!-- day28.Testcase1 -->
