<?xml version="1.0" encoding="UTF-8"?>
<!-- Generated by org.testng.reporters.JUnitReportReporter -->
<testsuite hostname="sys" name="day16.AjaxTesting" tests="1" failures="0" timestamp="4 Nov 2015 13:53:51 GMT" time="31.951" errors="0">
  <testcase name="ajaxTest" time="31.951" classname="day16.AjaxTesting"/>
</testsuite> <!-- day16.AjaxTesting -->
