<?xml version="1.0" encoding="UTF-8"?>
<!-- Generated by org.testng.reporters.JUnitReportReporter -->
<testsuite hostname="sys" name="day19.DropdownExcel" tests="1" failures="0" timestamp="10 Nov 2015 14:40:17 GMT" time="92.812" errors="0">
  <testcase name="dropdownTest" time="92.812" classname="day19.DropdownExcel"/>
</testsuite> <!-- day19.DropdownExcel -->
