<?xml version="1.0" encoding="UTF-8"?>
<!-- Generated by org.testng.reporters.JUnitReportReporter -->
<testsuite hostname="sys" name="day11.Sample" tests="2" failures="0" timestamp="28 Oct 2015 13:45:36 GMT" time="0.000" errors="0">
  <testcase name="loginTest" time="0.000" classname="day11.Sample"/>
  <testcase name="registrationTest" time="0.000" classname="day11.Sample"/>
</testsuite> <!-- day11.Sample -->
