<?xml version="1.0" encoding="UTF-8"?>
<!-- Generated by org.testng.reporters.JUnitReportReporter -->
<testsuite hostname="sys" name="day20.DatadrivenTesting2" tests="1" failures="0" timestamp="12 Nov 2015 14:34:14 GMT" time="37.615" errors="0">
  <testcase name="registrationTest" time="37.615" classname="day20.DatadrivenTesting2"/>
</testsuite> <!-- day20.DatadrivenTesting2 -->
