<?xml version="1.0" encoding="UTF-8"?>
<!-- Generated by org.testng.reporters.JUnitReportReporter -->
<testsuite hostname="sys" name="day17.WebtableTesting" tests="1" failures="0" timestamp="5 Nov 2015 14:15:39 GMT" time="49.298" errors="0">
  <testcase name="webtableTest" time="49.298" classname="day17.WebtableTesting"/>
</testsuite> <!-- day17.WebtableTesting -->
