<?xml version="1.0" encoding="UTF-8"?>
<!-- Generated by org.testng.reporters.JUnitReportReporter -->
<testsuite hostname="sys" name="day24.YahooLoginusingDataProvider" tests="2" failures="0" timestamp="19 Nov 2015 13:53:51 GMT" time="76.819" errors="0">
  <testcase name="loginTest" time="29.281" classname="day24.YahooLoginusingDataProvider"/>
  <testcase name="loginTest" time="47.538" classname="day24.YahooLoginusingDataProvider"/>
</testsuite> <!-- day24.YahooLoginusingDataProvider -->
