<?xml version="1.0" encoding="UTF-8"?>
<!-- Generated by org.testng.reporters.JUnitReportReporter -->
<testsuite hostname="sys" name="day16.DragandDrop" tests="1" failures="0" timestamp="4 Nov 2015 14:51:20 GMT" time="32.139" errors="0">
  <testcase name="dragandDropTest" time="32.139" classname="day16.DragandDrop"/>
</testsuite> <!-- day16.DragandDrop -->
