<?xml version="1.0" encoding="UTF-8"?>
<!-- Generated by org.testng.reporters.JUnitReportReporter -->
<testsuite hostname="sys" name="day13.ExplicitWait_Fluentwait" tests="1" failures="0" timestamp="30 Oct 2015 14:36:09 GMT" time="81.016" errors="0">
  <testcase name="FluentwaitTest" time="81.016" classname="day13.ExplicitWait_Fluentwait"/>
</testsuite> <!-- day13.ExplicitWait_Fluentwait -->
