<?xml version="1.0" encoding="UTF-8"?>
<!-- Generated by org.testng.reporters.JUnitReportReporter -->
<testsuite hostname="sys" name="day22.LoginusingReflections" tests="1" failures="0" timestamp="16 Nov 2015 14:19:02 GMT" time="24.753" errors="0">
  <testcase name="loginTest" time="24.753" classname="day22.LoginusingReflections"/>
</testsuite> <!-- day22.LoginusingReflections -->
