<?xml version="1.0" encoding="UTF-8"?>
<!-- Generated by org.testng.reporters.JUnitReportReporter -->
<testsuite hostname="sys" name="day19.WebtableExcel" tests="1" failures="0" timestamp="10 Nov 2015 14:55:37 GMT" time="53.491" errors="0">
  <testcase name="webtableTest" time="53.491" classname="day19.WebtableExcel"/>
</testsuite> <!-- day19.WebtableExcel -->
