<?xml version="1.0" encoding="UTF-8"?>
<!-- Generated by org.testng.reporters.JUnitReportReporter -->
<testsuite hostname="sys" name="day17.WebtableTesting2" tests="1" failures="0" timestamp="5 Nov 2015 14:33:50 GMT" time="78.415" errors="0">
  <testcase name="webtableTest" time="78.415" classname="day17.WebtableTesting2"/>
</testsuite> <!-- day17.WebtableTesting2 -->
