<?xml version="1.0" encoding="UTF-8"?>
<!-- Generated by org.testng.reporters.JUnitReportReporter -->
<testsuite hostname="sys" name="day17.DynamicWebtable" tests="1" failures="0" timestamp="5 Nov 2015 14:46:19 GMT" time="57.592" errors="0">
  <testcase name="webtableTest" time="57.592" classname="day17.DynamicWebtable"/>
</testsuite> <!-- day17.DynamicWebtable -->
