<?xml version="1.0" encoding="UTF-8"?>
<!-- Generated by org.testng.reporters.JUnitReportReporter -->
<testsuite hostname="sys" name="day24.DatadrivenTestingOnGrid" tests="2" failures="0" timestamp="18 Nov 2015 14:07:08 GMT" time="141.209" errors="0">
  <testcase name="linksTest" time="80.809" classname="day24.DatadrivenTestingOnGrid"/>
  <testcase name="linksTest" time="60.400" classname="day24.DatadrivenTestingOnGrid"/>
</testsuite> <!-- day24.DatadrivenTestingOnGrid -->
