<?xml version="1.0" encoding="UTF-8"?>
<!-- Generated by org.testng.reporters.JUnitReportReporter -->
<testsuite hostname="sys" name="day18.WebtableTesting_Calander" tests="1" failures="0" timestamp="6 Nov 2015 14:28:42 GMT" time="104.542" errors="0">
  <testcase name="calanderTest" time="104.542" classname="day18.WebtableTesting_Calander"/>
</testsuite> <!-- day18.WebtableTesting_Calander -->
