<?xml version="1.0" encoding="UTF-8"?>
<!-- Generated by org.testng.reporters.JUnitReportReporter -->
<testsuite hostname="sys" name="day17.DragAndDrop" tests="1" failures="0" timestamp="5 Nov 2015 13:44:42 GMT" time="36.210" errors="0">
  <testcase name="dragandDropTest" time="36.210" classname="day17.DragAndDrop"/>
</testsuite> <!-- day17.DragAndDrop -->
