<?xml version="1.0" encoding="UTF-8"?>
<!-- Generated by org.testng.reporters.JUnitReportReporter -->
<testsuite hostname="sys" name="day27.DB_DatadrivenTesting" tests="1" failures="0" timestamp="24 Nov 2015 14:34:59 GMT" time="37.716" errors="0">
  <testcase name="DBTest" time="37.716" classname="day27.DB_DatadrivenTesting"/>
</testsuite> <!-- day27.DB_DatadrivenTesting -->
