<?xml version="1.0" encoding="UTF-8"?>
<!-- Generated by org.testng.reporters.JUnitReportReporter -->
<testsuite hostname="sys" name="day25.ParallelTesting" tests="5" failures="0" timestamp="19 Nov 2015 14:08:06 GMT" time="267.243" errors="0">
  <testcase name="loginTest" time="42.246" classname="day25.ParallelTesting"/>
  <testcase name="loginTest" time="30.569" classname="day25.ParallelTesting"/>
  <testcase name="loginTest" time="75.121" classname="day25.ParallelTesting"/>
  <testcase name="loginTest" time="63.299" classname="day25.ParallelTesting"/>
  <testcase name="loginTest" time="56.008" classname="day25.ParallelTesting"/>
</testsuite> <!-- day25.ParallelTesting -->
