<?xml version="1.0" encoding="UTF-8"?>
<!-- Generated by org.testng.reporters.JUnitReportReporter -->
<testsuite hostname="sys" name="day17.SliderAutomation" tests="1" failures="0" timestamp="5 Nov 2015 13:57:30 GMT" time="33.516" errors="0">
  <testcase name="sliderTest" time="33.516" classname="day17.SliderAutomation"/>
</testsuite> <!-- day17.SliderAutomation -->
