<?xml version="1.0" encoding="UTF-8"?>
<!-- Generated by org.testng.reporters.JUnitReportReporter -->
<testsuite hostname="sys" name="day28.Testcase2" tests="1" failures="0" timestamp="25 Nov 2015 14:29:49 GMT" time="26.604" errors="0">
  <testcase name="test2" time="26.604" classname="day28.Testcase2"/>
</testsuite> <!-- day28.Testcase2 -->
