<?xml version="1.0" encoding="UTF-8"?>
<!-- Generated by org.testng.reporters.JUnitReportReporter -->
<testsuite hostname="sys" name="day15.FramesTesting" tests="1" failures="0" timestamp="3 Nov 2015 14:20:21 GMT" time="28.074" errors="0">
  <testcase name="framesTest" time="28.074" classname="day15.FramesTesting"/>
</testsuite> <!-- day15.FramesTesting -->
