<?xml version="1.0" encoding="UTF-8"?>
<!-- Generated by org.testng.reporters.JUnitReportReporter -->
<testsuite hostname="sys" name="day16.MouseHover" tests="1" failures="0" timestamp="4 Nov 2015 14:36:18 GMT" time="108.284" errors="0">
  <testcase name="mouseHoverTest" time="108.284" classname="day16.MouseHover"/>
</testsuite> <!-- day16.MouseHover -->
