<?xml version="1.0" encoding="UTF-8"?>
<!-- Generated by org.testng.reporters.JUnitReportReporter -->
<testsuite hostname="sys" name="day23.YahooLoginonGrid" tests="1" failures="0" timestamp="17 Nov 2015 14:25:58 GMT" time="15.500" errors="0">
  <testcase name="loginTest" time="15.500" classname="day23.YahooLoginonGrid"/>
</testsuite> <!-- day23.YahooLoginonGrid -->
