<?xml version="1.0" encoding="UTF-8"?>
<!-- Generated by org.testng.reporters.JUnitReportReporter -->
<testsuite hostname="sys" name="day20.DatadrivenTesting1" tests="1" failures="0" timestamp="12 Nov 2015 14:09:09 GMT" time="68.951" errors="0">
  <testcase name="linksTest" time="68.951" classname="day20.DatadrivenTesting1"/>
</testsuite> <!-- day20.DatadrivenTesting1 -->
