<?xml version="1.0" encoding="UTF-8"?>
<!-- Generated by org.testng.reporters.JUnitReportReporter -->
<testsuite hostname="sys" name="day12.Xpath" tests="1" failures="0" timestamp="29 Oct 2015 14:26:32 GMT" time="19.710" errors="0">
  <testcase name="xpathTest" time="19.710" classname="day12.Xpath"/>
</testsuite> <!-- day12.Xpath -->
