<?xml version="1.0" encoding="UTF-8"?>
<!-- Generated by org.testng.reporters.JUnitReportReporter -->
<testsuite hostname="sys" name="day21.CookiesTesting" tests="1" failures="0" timestamp="13 Nov 2015 14:16:51 GMT" time="40.270" errors="0">
  <testcase name="cookiesTest" time="40.270" classname="day21.CookiesTesting"/>
</testsuite> <!-- day21.CookiesTesting -->
