<?xml version="1.0" encoding="UTF-8"?>
<!-- Generated by org.testng.reporters.JUnitReportReporter -->
<testsuite hostname="sys" name="day21.GmailLoginusingProperties" tests="1" failures="0" timestamp="13 Nov 2015 14:36:57 GMT" time="30.266" errors="0">
  <testcase name="loginTest" time="30.266" classname="day21.GmailLoginusingProperties"/>
</testsuite> <!-- day21.GmailLoginusingProperties -->
