<?xml version="1.0" encoding="UTF-8"?>
<!-- Generated by org.testng.reporters.JUnitReportReporter -->
<testsuite hostname="sys" name="day11.CheckBoxes1" tests="1" failures="0" timestamp="28 Oct 2015 14:01:48 GMT" time="68.119" errors="0">
  <testcase name="checkBoxesTest" time="68.119" classname="day11.CheckBoxes1"/>
</testsuite> <!-- day11.CheckBoxes1 -->
