<?xml version="1.0" encoding="UTF-8"?>
<!-- Generated by org.testng.reporters.JUnitReportReporter -->
<testsuite hostname="sys" name="day12.XpathCreation" tests="1" failures="0" timestamp="29 Oct 2015 13:48:10 GMT" time="17.844" errors="0">
  <testcase name="xpathTest" time="17.844" classname="day12.XpathCreation"/>
</testsuite> <!-- day12.XpathCreation -->
